{"contracts/mock/MockPolyLocker.sol":{"l":{"10":0,"11":0,"15":0,"16":0,"17":0},"path":"/Users/satyamagrawal/bridge-contract/contracts/mock/MockPolyLocker.sol","s":{"1":0,"2":0,"3":0,"4":0,"5":0},"b":{"1":[0,0],"2":[0,0],"3":[0,0]},"f":{"1":0,"2":0},"fnMap":{"1":{"name":"allowOtherTokens","line":9,"loc":{"start":{"line":9,"column":4},"end":{"line":9,"column":59}}},"2":{"name":"lockOtherToken","line":14,"loc":{"start":{"line":14,"column":4},"end":{"line":14,"column":57}}}},"statementMap":{"1":{"start":{"line":10,"column":8},"end":{"line":10,"column":62}},"2":{"start":{"line":11,"column":8},"end":{"line":11,"column":42}},"3":{"start":{"line":15,"column":8},"end":{"line":15,"column":44}},"4":{"start":{"line":16,"column":8},"end":{"line":16,"column":69}},"5":{"start":{"line":17,"column":8},"end":{"line":17,"column":112}}},"branchMap":{"1":{"line":10,"type":"if","locations":[{"start":{"line":10,"column":8},"end":{"line":10,"column":8}},{"start":{"line":10,"column":8},"end":{"line":10,"column":8}}]},"2":{"line":15,"type":"if","locations":[{"start":{"line":15,"column":8},"end":{"line":15,"column":8}},{"start":{"line":15,"column":8},"end":{"line":15,"column":8}}]},"3":{"line":17,"type":"if","locations":[{"start":{"line":17,"column":8},"end":{"line":17,"column":8}},{"start":{"line":17,"column":8},"end":{"line":17,"column":8}}]}}},"contracts/mock/PolyTokenFaucet.sol":{"l":{"24":3,"25":3,"26":3,"27":3,"32":4,"33":4,"34":4,"35":4,"36":4,"37":4,"47":0,"48":0,"49":0,"50":0,"61":6,"62":6,"63":6,"65":4,"66":4,"67":4,"68":4,"69":4,"78":31,"88":7,"89":7,"90":7,"99":0,"103":0,"116":0,"117":0,"118":0,"132":0,"133":0,"134":0,"136":0,"138":0,"139":0},"path":"/Users/satyamagrawal/bridge-contract/contracts/mock/PolyTokenFaucet.sol","s":{"1":3,"2":3,"3":3,"4":3,"5":4,"6":4,"7":4,"8":4,"9":4,"10":4,"11":0,"12":0,"13":0,"14":0,"15":6,"16":6,"17":6,"18":4,"19":4,"20":4,"21":4,"22":4,"23":31,"24":7,"25":7,"26":7,"27":0,"28":0,"29":0,"30":0,"31":0,"32":0,"33":0,"34":0,"35":0,"36":0,"37":0},"b":{"1":[4,0],"2":[4,0],"3":[6,0],"4":[6,0],"5":[4,2],"6":[0,0]},"f":{"1":3,"2":4,"3":0,"4":6,"5":31,"6":7,"7":0,"8":0,"9":0,"10":0},"fnMap":{"1":{"name":"constructor","line":23,"loc":{"start":{"line":23,"column":4},"end":{"line":23,"column":22}}},"2":{"name":"getTokens","line":31,"loc":{"start":{"line":31,"column":4},"end":{"line":31,"column":78}}},"3":{"name":"transfer","line":46,"loc":{"start":{"line":46,"column":4},"end":{"line":46,"column":69}}},"4":{"name":"transferFrom","line":60,"loc":{"start":{"line":60,"column":4},"end":{"line":60,"column":88}}},"5":{"name":"balanceOf","line":77,"loc":{"start":{"line":77,"column":4},"end":{"line":77,"column":73}}},"6":{"name":"approve","line":87,"loc":{"start":{"line":87,"column":4},"end":{"line":87,"column":73}}},"7":{"name":"allowance","line":98,"loc":{"start":{"line":98,"column":4},"end":{"line":98,"column":93}}},"8":{"name":"totalSupply","line":102,"loc":{"start":{"line":102,"column":4},"end":{"line":102,"column":53}}},"9":{"name":"increaseApproval","line":115,"loc":{"start":{"line":115,"column":4},"end":{"line":115,"column":84}}},"10":{"name":"decreaseApproval","line":131,"loc":{"start":{"line":131,"column":4},"end":{"line":131,"column":89}}}},"statementMap":{"1":{"start":{"line":24,"column":8},"end":{"line":24,"column":20}},"2":{"start":{"line":25,"column":8},"end":{"line":25,"column":55}},"3":{"start":{"line":26,"column":8},"end":{"line":26,"column":42}},"4":{"start":{"line":27,"column":8},"end":{"line":27,"column":59}},"5":{"start":{"line":32,"column":8},"end":{"line":32,"column":98}},"6":{"start":{"line":33,"column":8},"end":{"line":33,"column":78}},"7":{"start":{"line":34,"column":8},"end":{"line":34,"column":63}},"8":{"start":{"line":35,"column":8},"end":{"line":35,"column":47}},"9":{"start":{"line":36,"column":8},"end":{"line":36,"column":54}},"10":{"start":{"line":37,"column":8},"end":{"line":37,"column":19}},"11":{"start":{"line":47,"column":8},"end":{"line":47,"column":62}},"12":{"start":{"line":48,"column":8},"end":{"line":48,"column":48}},"13":{"start":{"line":49,"column":8},"end":{"line":49,"column":46}},"14":{"start":{"line":50,"column":8},"end":{"line":50,"column":19}},"15":{"start":{"line":61,"column":8},"end":{"line":61,"column":52}},"16":{"start":{"line":62,"column":8},"end":{"line":62,"column":77}},"17":{"start":{"line":63,"column":8},"end":{"line":63,"column":85}},"18":{"start":{"line":65,"column":8},"end":{"line":65,"column":52}},"19":{"start":{"line":66,"column":8},"end":{"line":66,"column":48}},"20":{"start":{"line":67,"column":8},"end":{"line":67,"column":74}},"21":{"start":{"line":68,"column":8},"end":{"line":68,"column":41}},"22":{"start":{"line":69,"column":8},"end":{"line":69,"column":19}},"23":{"start":{"line":78,"column":8},"end":{"line":78,"column":31}},"24":{"start":{"line":88,"column":8},"end":{"line":88,"column":45}},"25":{"start":{"line":89,"column":8},"end":{"line":89,"column":51}},"26":{"start":{"line":90,"column":8},"end":{"line":90,"column":19}},"27":{"start":{"line":99,"column":8},"end":{"line":99,"column":40}},"28":{"start":{"line":103,"column":8},"end":{"line":103,"column":27}},"29":{"start":{"line":116,"column":8},"end":{"line":116,"column":87}},"30":{"start":{"line":117,"column":8},"end":{"line":117,"column":74}},"31":{"start":{"line":118,"column":8},"end":{"line":118,"column":19}},"32":{"start":{"line":132,"column":8},"end":{"line":132,"column":53}},"33":{"start":{"line":133,"column":8},"end":{"line":133,"column":5464}},"34":{"start":{"line":134,"column":12},"end":{"line":134,"column":44}},"35":{"start":{"line":136,"column":12},"end":{"line":136,"column":73}},"36":{"start":{"line":138,"column":8},"end":{"line":138,"column":74}},"37":{"start":{"line":139,"column":8},"end":{"line":139,"column":19}}},"branchMap":{"1":{"line":32,"type":"if","locations":[{"start":{"line":32,"column":8},"end":{"line":32,"column":8}},{"start":{"line":32,"column":8},"end":{"line":32,"column":8}}]},"2":{"line":33,"type":"if","locations":[{"start":{"line":33,"column":8},"end":{"line":33,"column":8}},{"start":{"line":33,"column":8},"end":{"line":33,"column":8}}]},"3":{"line":61,"type":"if","locations":[{"start":{"line":61,"column":8},"end":{"line":61,"column":8}},{"start":{"line":61,"column":8},"end":{"line":61,"column":8}}]},"4":{"line":62,"type":"if","locations":[{"start":{"line":62,"column":8},"end":{"line":62,"column":8}},{"start":{"line":62,"column":8},"end":{"line":62,"column":8}}]},"5":{"line":63,"type":"if","locations":[{"start":{"line":63,"column":8},"end":{"line":63,"column":8}},{"start":{"line":63,"column":8},"end":{"line":63,"column":8}}]},"6":{"line":133,"type":"if","locations":[{"start":{"line":133,"column":8},"end":{"line":133,"column":8}},{"start":{"line":133,"column":8},"end":{"line":133,"column":8}}]}}},"contracts/PolyLocker.sol":{"l":{"45":11,"54":3,"55":1,"67":8,"68":8,"69":8,"70":8,"71":8,"72":8,"73":8,"74":6,"75":4,"76":2,"77":0,"78":0,"79":0,"81":0,"82":0,"83":0,"88":12,"91":10,"92":3,"93":3,"96":10,"98":6,"99":4},"path":"/Users/satyamagrawal/bridge-contract/contracts/PolyLocker.sol","s":{"1":11,"2":3,"3":1,"4":8,"5":8,"6":8,"7":8,"8":8,"9":8,"10":8,"11":6,"12":4,"13":2,"14":0,"15":0,"16":0,"17":0,"18":0,"19":0,"20":12,"21":10,"22":3,"23":3,"24":10,"25":6,"26":4},"b":{"1":[1,2],"2":[6,2],"3":[4,2],"4":[2,2],"5":[0,2],"6":[0,0],"7":[0,0],"8":[0,0],"9":[10,2],"10":[3,7],"11":[6,4],"12":[4,2]},"f":{"1":4,"2":11,"3":3,"4":8,"5":12},"fnMap":{"1":{"name":"constructor","line":37,"loc":{"start":{"line":37,"column":4},"end":{"line":37,"column":24}}},"2":{"name":"lock","line":44,"loc":{"start":{"line":44,"column":4},"end":{"line":44,"column":54}}},"3":{"name":"limitLock","line":53,"loc":{"start":{"line":53,"column":4},"end":{"line":53,"column":81}}},"4":{"name":"lockWithData","line":66,"loc":{"start":{"line":66,"column":4},"end":{"line":66,"column":117}}},"5":{"name":"_lock","line":86,"loc":{"start":{"line":86,"column":4},"end":{"line":86,"column":94}}}},"statementMap":{"1":{"start":{"line":45,"column":8},"end":{"line":45,"column":79}},"2":{"start":{"line":54,"column":8},"end":{"line":54,"column":90}},"3":{"start":{"line":55,"column":8},"end":{"line":55,"column":52}},"4":{"start":{"line":67,"column":8},"end":{"line":67,"column":29}},"5":{"start":{"line":68,"column":8},"end":{"line":68,"column":33}},"6":{"start":{"line":69,"column":8},"end":{"line":69,"column":27}},"7":{"start":{"line":70,"column":8},"end":{"line":70,"column":21}},"8":{"start":{"line":71,"column":8},"end":{"line":71,"column":30}},"9":{"start":{"line":72,"column":8},"end":{"line":72,"column":130}},"10":{"start":{"line":73,"column":8},"end":{"line":73,"column":56}},"11":{"start":{"line":74,"column":8},"end":{"line":74,"column":72}},"12":{"start":{"line":75,"column":8},"end":{"line":75,"column":65}},"13":{"start":{"line":76,"column":8},"end":{"line":76,"column":125}},"14":{"start":{"line":77,"column":8},"end":{"line":77,"column":86}},"15":{"start":{"line":78,"column":8},"end":{"line":78,"column":98}},"16":{"start":{"line":79,"column":8},"end":{"line":79,"column":95}},"17":{"start":{"line":81,"column":8},"end":{"line":81,"column":49}},"18":{"start":{"line":82,"column":8},"end":{"line":82,"column":87}},"19":{"start":{"line":83,"column":8},"end":{"line":83,"column":48}},"20":{"start":{"line":88,"column":8},"end":{"line":88,"column":100}},"21":{"start":{"line":91,"column":8},"end":{"line":91,"column":4497}},"22":{"start":{"line":92,"column":12},"end":{"line":92,"column":65}},"23":{"start":{"line":93,"column":12},"end":{"line":93,"column":65}},"24":{"start":{"line":96,"column":8},"end":{"line":96,"column":68}},"25":{"start":{"line":98,"column":8},"end":{"line":98,"column":112}},"26":{"start":{"line":99,"column":8},"end":{"line":99,"column":62}}},"branchMap":{"1":{"line":54,"type":"if","locations":[{"start":{"line":54,"column":8},"end":{"line":54,"column":8}},{"start":{"line":54,"column":8},"end":{"line":54,"column":8}}]},"2":{"line":73,"type":"if","locations":[{"start":{"line":73,"column":8},"end":{"line":73,"column":8}},{"start":{"line":73,"column":8},"end":{"line":73,"column":8}}]},"3":{"line":74,"type":"if","locations":[{"start":{"line":74,"column":8},"end":{"line":74,"column":8}},{"start":{"line":74,"column":8},"end":{"line":74,"column":8}}]},"4":{"line":75,"type":"if","locations":[{"start":{"line":75,"column":8},"end":{"line":75,"column":8}},{"start":{"line":75,"column":8},"end":{"line":75,"column":8}}]},"5":{"line":76,"type":"if","locations":[{"start":{"line":76,"column":8},"end":{"line":76,"column":8}},{"start":{"line":76,"column":8},"end":{"line":76,"column":8}}]},"6":{"line":77,"type":"if","locations":[{"start":{"line":77,"column":8},"end":{"line":77,"column":8}},{"start":{"line":77,"column":8},"end":{"line":77,"column":8}}]},"7":{"line":79,"type":"if","locations":[{"start":{"line":79,"column":8},"end":{"line":79,"column":8}},{"start":{"line":79,"column":8},"end":{"line":79,"column":8}}]},"8":{"line":82,"type":"if","locations":[{"start":{"line":82,"column":8},"end":{"line":82,"column":8}},{"start":{"line":82,"column":8},"end":{"line":82,"column":8}}]},"9":{"line":88,"type":"if","locations":[{"start":{"line":88,"column":8},"end":{"line":88,"column":8}},{"start":{"line":88,"column":8},"end":{"line":88,"column":8}}]},"10":{"line":91,"type":"if","locations":[{"start":{"line":91,"column":8},"end":{"line":91,"column":8}},{"start":{"line":91,"column":8},"end":{"line":91,"column":8}}]},"11":{"line":96,"type":"if","locations":[{"start":{"line":96,"column":8},"end":{"line":96,"column":8}},{"start":{"line":96,"column":8},"end":{"line":96,"column":8}}]},"12":{"line":98,"type":"if","locations":[{"start":{"line":98,"column":8},"end":{"line":98,"column":8}},{"start":{"line":98,"column":8},"end":{"line":98,"column":8}}]}}},"contracts/PolyLockerProxy.sol":{"l":{"24":3,"29":3,"30":3,"31":3,"32":3,"33":3,"34":3},"path":"/Users/satyamagrawal/bridge-contract/contracts/PolyLockerProxy.sol","s":{"1":3,"2":3,"3":3,"4":3,"5":3,"6":3,"7":3},"b":{"1":[3,0],"2":[3,0]},"f":{"1":3},"fnMap":{"1":{"name":"constructor","line":17,"loc":{"start":{"line":17,"column":4},"end":{"line":23,"column":5}}}},"statementMap":{"1":{"start":{"line":24,"column":8},"end":{"line":24,"column":556}},"2":{"start":{"line":29,"column":8},"end":{"line":29,"column":59}},"3":{"start":{"line":30,"column":8},"end":{"line":30,"column":29}},"4":{"start":{"line":31,"column":8},"end":{"line":31,"column":31}},"5":{"start":{"line":32,"column":8},"end":{"line":32,"column":35}},"6":{"start":{"line":33,"column":8},"end":{"line":33,"column":49}},"7":{"start":{"line":34,"column":8},"end":{"line":34,"column":44}}},"branchMap":{"1":{"line":24,"type":"if","locations":[{"start":{"line":24,"column":8},"end":{"line":24,"column":8}},{"start":{"line":24,"column":8},"end":{"line":24,"column":8}}]},"2":{"line":29,"type":"if","locations":[{"start":{"line":29,"column":8},"end":{"line":29,"column":8}},{"start":{"line":29,"column":8},"end":{"line":29,"column":8}}]}}},"contracts/PolyLockerStorage.sol":{"l":{},"path":"/Users/satyamagrawal/bridge-contract/contracts/PolyLockerStorage.sol","s":{},"b":{},"f":{},"fnMap":{},"statementMap":{},"branchMap":{}},"contracts/proxies/OwnedUpgradeabilityProxy.sol":{"l":{"30":7,"31":7,"33":0,"41":3,"49":7,"56":3,"57":3,"64":24,"72":0,"80":1,"88":2,"96":0,"97":0,"98":0,"110":1,"111":1,"112":1,"113":1,"120":3,"121":1,"129":0,"130":0,"134":0,"135":0,"137":0,"138":0},"path":"/Users/satyamagrawal/bridge-contract/contracts/proxies/OwnedUpgradeabilityProxy.sol","s":{"1":7,"2":0,"3":3,"4":7,"5":3,"6":3,"7":24,"8":0,"9":1,"10":2,"11":0,"12":0,"13":0,"14":1,"15":1,"16":1,"17":1,"18":3,"19":1,"20":0,"21":0,"22":0,"23":0,"24":0,"25":0},"b":{"1":[7,0],"2":[3,0],"3":[0,0],"4":[1,2],"5":[0,0],"6":[0,0]},"f":{"1":7,"2":3,"3":7,"4":3,"5":24,"6":0,"7":1,"8":2,"9":0,"10":1,"11":3,"12":0,"13":0},"fnMap":{"1":{"name":"ifOwner","line":29,"loc":{"start":{"line":29,"column":4},"end":{"line":29,"column":20}}},"2":{"name":"constructor","line":40,"loc":{"start":{"line":40,"column":4},"end":{"line":40,"column":22}}},"3":{"name":"_upgradeabilityOwner","line":48,"loc":{"start":{"line":48,"column":4},"end":{"line":48,"column":64}}},"4":{"name":"_setUpgradeabilityOwner","line":55,"loc":{"start":{"line":55,"column":4},"end":{"line":55,"column":76}}},"5":{"name":"_implementation","line":63,"loc":{"start":{"line":63,"column":4},"end":{"line":63,"column":59}}},"6":{"name":"proxyOwner","line":71,"loc":{"start":{"line":71,"column":4},"end":{"line":71,"column":57}}},"7":{"name":"version","line":79,"loc":{"start":{"line":79,"column":4},"end":{"line":79,"column":60}}},"8":{"name":"implementation","line":87,"loc":{"start":{"line":87,"column":4},"end":{"line":87,"column":61}}},"9":{"name":"transferProxyOwnership","line":95,"loc":{"start":{"line":95,"column":4},"end":{"line":95,"column":69}}},"10":{"name":"proposeUpgrade","line":109,"loc":{"start":{"line":109,"column":4},"end":{"line":109,"column":121}}},"11":{"name":"upgradeTo","line":119,"loc":{"start":{"line":119,"column":4},"end":{"line":119,"column":39}}},"12":{"name":"upgradeToAndCall","line":128,"loc":{"start":{"line":128,"column":4},"end":{"line":128,"column":54}}},"13":{"name":"_upgradeToAndCall","line":133,"loc":{"start":{"line":133,"column":4},"end":{"line":133,"column":112}}}},"statementMap":{"1":{"start":{"line":30,"column":8},"end":{"line":30,"column":962}},"2":{"start":{"line":33,"column":12},"end":{"line":33,"column":22}},"3":{"start":{"line":41,"column":8},"end":{"line":41,"column":42}},"4":{"start":{"line":49,"column":8},"end":{"line":49,"column":36}},"5":{"start":{"line":56,"column":8},"end":{"line":56,"column":81}},"6":{"start":{"line":57,"column":8},"end":{"line":57,"column":54}},"7":{"start":{"line":64,"column":8},"end":{"line":64,"column":31}},"8":{"start":{"line":72,"column":8},"end":{"line":72,"column":37}},"9":{"start":{"line":80,"column":8},"end":{"line":80,"column":24}},"10":{"start":{"line":88,"column":8},"end":{"line":88,"column":32}},"11":{"start":{"line":96,"column":8},"end":{"line":96,"column":67}},"12":{"start":{"line":97,"column":8},"end":{"line":97,"column":73}},"13":{"start":{"line":98,"column":8},"end":{"line":98,"column":41}},"14":{"start":{"line":110,"column":8},"end":{"line":110,"column":31}},"15":{"start":{"line":111,"column":8},"end":{"line":111,"column":38}},"16":{"start":{"line":112,"column":8},"end":{"line":112,"column":52}},"17":{"start":{"line":113,"column":8},"end":{"line":113,"column":21}},"18":{"start":{"line":120,"column":8},"end":{"line":120,"column":89}},"19":{"start":{"line":121,"column":8},"end":{"line":121,"column":62}},"20":{"start":{"line":129,"column":8},"end":{"line":129,"column":89}},"21":{"start":{"line":130,"column":8},"end":{"line":130,"column":77}},"22":{"start":{"line":134,"column":8},"end":{"line":134,"column":50}},"23":{"start":{"line":135,"column":8},"end":{"line":135,"column":20}},"24":{"start":{"line":137,"column":8},"end":{"line":137,"column":63}},"25":{"start":{"line":138,"column":8},"end":{"line":138,"column":84}}},"branchMap":{"1":{"line":30,"type":"if","locations":[{"start":{"line":30,"column":8},"end":{"line":30,"column":8}},{"start":{"line":30,"column":8},"end":{"line":30,"column":8}}]},"2":{"line":56,"type":"if","locations":[{"start":{"line":56,"column":8},"end":{"line":56,"column":8}},{"start":{"line":56,"column":8},"end":{"line":56,"column":8}}]},"3":{"line":96,"type":"if","locations":[{"start":{"line":96,"column":8},"end":{"line":96,"column":8}},{"start":{"line":96,"column":8},"end":{"line":96,"column":8}}]},"4":{"line":120,"type":"if","locations":[{"start":{"line":120,"column":8},"end":{"line":120,"column":8}},{"start":{"line":120,"column":8},"end":{"line":120,"column":8}}]},"5":{"line":129,"type":"if","locations":[{"start":{"line":129,"column":8},"end":{"line":129,"column":8}},{"start":{"line":129,"column":8},"end":{"line":129,"column":8}}]},"6":{"line":138,"type":"if","locations":[{"start":{"line":138,"column":8},"end":{"line":138,"column":8}},{"start":{"line":138,"column":8},"end":{"line":138,"column":8}}]}}},"contracts/proxies/Proxy.sol":{"l":{"19":22,"28":22,"46":22},"path":"/Users/satyamagrawal/bridge-contract/contracts/proxies/Proxy.sol","s":{"1":22,"2":22},"b":{},"f":{"1":22,"2":22,"3":22},"fnMap":{"1":{"name":"_fallback","line":18,"loc":{"start":{"line":18,"column":4},"end":{"line":18,"column":31}}},"2":{"name":"_delegate","line":26,"loc":{"start":{"line":26,"column":4},"end":{"line":26,"column":53}}},"3":{"name":"","line":45,"loc":{"start":{"line":45,"column":4},"end":{"line":45,"column":29}}}},"statementMap":{"1":{"start":{"line":19,"column":8},"end":{"line":19,"column":35}},"2":{"start":{"line":46,"column":8},"end":{"line":46,"column":18}}},"branchMap":{}},"contracts/proxies/UpgradeabilityProxy.sol":{"l":{"30":4,"34":4,"35":4,"36":4,"37":4,"38":4,"39":4},"path":"/Users/satyamagrawal/bridge-contract/contracts/proxies/UpgradeabilityProxy.sol","s":{"1":4,"2":4,"3":4,"4":4,"5":4,"6":4,"7":4},"b":{"1":[4,0],"2":[4,0],"3":[4,0],"4":[4,0]},"f":{"1":4},"fnMap":{"1":{"name":"_upgradeTo","line":29,"loc":{"start":{"line":29,"column":4},"end":{"line":29,"column":85}}}},"statementMap":{"1":{"start":{"line":30,"column":8},"end":{"line":30,"column":1169}},"2":{"start":{"line":34,"column":8},"end":{"line":34,"column":117}},"3":{"start":{"line":35,"column":8},"end":{"line":35,"column":83}},"4":{"start":{"line":36,"column":8},"end":{"line":36,"column":131}},"5":{"start":{"line":37,"column":8},"end":{"line":37,"column":30}},"6":{"start":{"line":38,"column":8},"end":{"line":38,"column":44}},"7":{"start":{"line":39,"column":8},"end":{"line":39,"column":54}}},"branchMap":{"1":{"line":30,"type":"if","locations":[{"start":{"line":30,"column":8},"end":{"line":30,"column":8}},{"start":{"line":30,"column":8},"end":{"line":30,"column":8}}]},"2":{"line":34,"type":"if","locations":[{"start":{"line":34,"column":8},"end":{"line":34,"column":8}},{"start":{"line":34,"column":8},"end":{"line":34,"column":8}}]},"3":{"line":35,"type":"if","locations":[{"start":{"line":35,"column":8},"end":{"line":35,"column":8}},{"start":{"line":35,"column":8},"end":{"line":35,"column":8}}]},"4":{"line":36,"type":"if","locations":[{"start":{"line":36,"column":8},"end":{"line":36,"column":8}},{"start":{"line":36,"column":8},"end":{"line":36,"column":8}}]}}}}